Analysis & Synthesis report for timepass
Fri May 04 15:06:19 2018
Quartus II Version 9.1 Build 350 03/24/2010 Service Pack 2 SJ Web Edition


---------------------
; Table of Contents ;
---------------------
  1. Legal Notice
  2. Analysis & Synthesis Summary
  3. Analysis & Synthesis Settings
  4. Parallel Compilation
  5. Analysis & Synthesis Source Files Read
  6. Analysis & Synthesis Resource Usage Summary
  7. Analysis & Synthesis Resource Utilization by Entity
  8. State Machine - |timepass|nxt_cmd
  9. State Machine - |timepass|state
 10. Registers Removed During Synthesis
 11. General Register Statistics
 12. Inverted Register Statistics
 13. Multiplexer Restructuring Statistics (Restructuring Performed)
 14. Analysis & Synthesis Messages



----------------
; Legal Notice ;
----------------
Copyright (C) 1991-2010 Altera Corporation
Your use of Altera Corporation's design tools, logic functions 
and other software and tools, and its AMPP partner logic 
functions, and any output files from any of the foregoing 
(including device programming or simulation files), and any 
associated documentation or information are expressly subject 
to the terms and conditions of the Altera Program License 
Subscription Agreement, Altera MegaCore Function License 
Agreement, or other applicable license agreement, including, 
without limitation, that your use is for the sole purpose of 
programming logic devices manufactured by Altera and sold by 
Altera or its authorized distributors.  Please refer to the 
applicable agreement for further details.



+-----------------------------------------------------------------------------------+
; Analysis & Synthesis Summary                                                      ;
+------------------------------------+----------------------------------------------+
; Analysis & Synthesis Status        ; Successful - Fri May 04 15:06:19 2018        ;
; Quartus II Version                 ; 9.1 Build 350 03/24/2010 SP 2 SJ Web Edition ;
; Revision Name                      ; timepass                                     ;
; Top-level Entity Name              ; timepass                                     ;
; Family                             ; Cyclone II                                   ;
; Total logic elements               ; 211                                          ;
;     Total combinational functions  ; 209                                          ;
;     Dedicated logic registers      ; 109                                          ;
; Total registers                    ; 109                                          ;
; Total pins                         ; 35                                           ;
; Total virtual pins                 ; 0                                            ;
; Total memory bits                  ; 0                                            ;
; Embedded Multiplier 9-bit elements ; 0                                            ;
; Total PLLs                         ; 0                                            ;
+------------------------------------+----------------------------------------------+


+----------------------------------------------------------------------------------------------------------------------+
; Analysis & Synthesis Settings                                                                                        ;
+----------------------------------------------------------------------------+--------------------+--------------------+
; Option                                                                     ; Setting            ; Default Value      ;
+----------------------------------------------------------------------------+--------------------+--------------------+
; Device                                                                     ; EP2C70F896C6       ;                    ;
; Top-level entity name                                                      ; timepass           ; timepass           ;
; Family name                                                                ; Cyclone II         ; Stratix II         ;
; Use Generated Physical Constraints File                                    ; Off                ;                    ;
; Use smart compilation                                                      ; Off                ; Off                ;
; Enable parallel Assembler and TimeQuest Timing Analyzer during compilation ; On                 ; On                 ;
; Enable compact report table                                                ; Off                ; Off                ;
; Restructure Multiplexers                                                   ; Auto               ; Auto               ;
; Create Debugging Nodes for IP Cores                                        ; Off                ; Off                ;
; Preserve fewer node names                                                  ; On                 ; On                 ;
; Disable OpenCore Plus hardware evaluation                                  ; Off                ; Off                ;
; Verilog Version                                                            ; Verilog_2001       ; Verilog_2001       ;
; VHDL Version                                                               ; VHDL_1993          ; VHDL_1993          ;
; State Machine Processing                                                   ; Auto               ; Auto               ;
; Safe State Machine                                                         ; Off                ; Off                ;
; Extract Verilog State Machines                                             ; On                 ; On                 ;
; Extract VHDL State Machines                                                ; On                 ; On                 ;
; Ignore Verilog initial constructs                                          ; Off                ; Off                ;
; Iteration limit for constant Verilog loops                                 ; 5000               ; 5000               ;
; Iteration limit for non-constant Verilog loops                             ; 250                ; 250                ;
; Add Pass-Through Logic to Inferred RAMs                                    ; On                 ; On                 ;
; Parallel Synthesis                                                         ; On                 ; On                 ;
; DSP Block Balancing                                                        ; Auto               ; Auto               ;
; NOT Gate Push-Back                                                         ; On                 ; On                 ;
; Power-Up Don't Care                                                        ; On                 ; On                 ;
; Remove Redundant Logic Cells                                               ; Off                ; Off                ;
; Remove Duplicate Registers                                                 ; On                 ; On                 ;
; Ignore CARRY Buffers                                                       ; Off                ; Off                ;
; Ignore CASCADE Buffers                                                     ; Off                ; Off                ;
; Ignore GLOBAL Buffers                                                      ; Off                ; Off                ;
; Ignore ROW GLOBAL Buffers                                                  ; Off                ; Off                ;
; Ignore LCELL Buffers                                                       ; Off                ; Off                ;
; Ignore SOFT Buffers                                                        ; On                 ; On                 ;
; Limit AHDL Integers to 32 Bits                                             ; Off                ; Off                ;
; Optimization Technique                                                     ; Balanced           ; Balanced           ;
; Carry Chain Length                                                         ; 70                 ; 70                 ;
; Auto Carry Chains                                                          ; On                 ; On                 ;
; Auto Open-Drain Pins                                                       ; On                 ; On                 ;
; Perform WYSIWYG Primitive Resynthesis                                      ; Off                ; Off                ;
; Auto ROM Replacement                                                       ; On                 ; On                 ;
; Auto RAM Replacement                                                       ; On                 ; On                 ;
; Auto Shift Register Replacement                                            ; Auto               ; Auto               ;
; Auto Clock Enable Replacement                                              ; On                 ; On                 ;
; Strict RAM Replacement                                                     ; Off                ; Off                ;
; Allow Synchronous Control Signals                                          ; On                 ; On                 ;
; Force Use of Synchronous Clear Signals                                     ; Off                ; Off                ;
; Auto RAM to Logic Cell Conversion                                          ; Off                ; Off                ;
; Auto Resource Sharing                                                      ; Off                ; Off                ;
; Allow Any RAM Size For Recognition                                         ; Off                ; Off                ;
; Allow Any ROM Size For Recognition                                         ; Off                ; Off                ;
; Allow Any Shift Register Size For Recognition                              ; Off                ; Off                ;
; Use LogicLock Constraints during Resource Balancing                        ; On                 ; On                 ;
; Ignore translate_off and synthesis_off directives                          ; Off                ; Off                ;
; Timing-Driven Synthesis                                                    ; Off                ; Off                ;
; Show Parameter Settings Tables in Synthesis Report                         ; On                 ; On                 ;
; Ignore Maximum Fan-Out Assignments                                         ; Off                ; Off                ;
; Synchronization Register Chain Length                                      ; 2                  ; 2                  ;
; PowerPlay Power Optimization                                               ; Normal compilation ; Normal compilation ;
; HDL message level                                                          ; Level2             ; Level2             ;
; Suppress Register Optimization Related Messages                            ; Off                ; Off                ;
; Number of Removed Registers Reported in Synthesis Report                   ; 5000               ; 5000               ;
; Number of Inverted Registers Reported in Synthesis Report                  ; 100                ; 100                ;
; Clock MUX Protection                                                       ; On                 ; On                 ;
; Auto Gated Clock Conversion                                                ; Off                ; Off                ;
; Block Design Naming                                                        ; Auto               ; Auto               ;
; SDC constraint protection                                                  ; Off                ; Off                ;
; Synthesis Effort                                                           ; Auto               ; Auto               ;
; Shift Register Replacement - Allow Asynchronous Clear Signal               ; On                 ; On                 ;
; Analysis & Synthesis Message Level                                         ; Medium             ; Medium             ;
; Disable Register Merging Across Hierarchies                                ; Auto               ; Auto               ;
; Resource Aware Inference For Block RAM                                     ; On                 ; On                 ;
+----------------------------------------------------------------------------+--------------------+--------------------+


Parallel compilation was disabled, but you have multiple processors available. Enable parallel compilation to reduce compilation time.
+-------------------------------------+
; Parallel Compilation                ;
+----------------------------+--------+
; Processors                 ; Number ;
+----------------------------+--------+
; Number detected on machine ; 2      ;
; Maximum allowed            ; 1      ;
+----------------------------+--------+


+--------------------------------------------------------------------------------------------------------+
; Analysis & Synthesis Source Files Read                                                                 ;
+----------------------------------+-----------------+-----------------+---------------------------------+
; File Name with User-Entered Path ; Used in Netlist ; File Type       ; File Name with Absolute Path    ;
+----------------------------------+-----------------+-----------------+---------------------------------+
; ../timepass/timepass.vhd         ; yes             ; User VHDL File  ; E:/ECE641/timepass/timepass.vhd ;
+----------------------------------+-----------------+-----------------+---------------------------------+


+------------------------------------------------------+
; Analysis & Synthesis Resource Usage Summary          ;
+---------------------------------------------+--------+
; Resource                                    ; Usage  ;
+---------------------------------------------+--------+
; Estimated Total logic elements              ; 211    ;
;                                             ;        ;
; Total combinational functions               ; 209    ;
; Logic element usage by number of LUT inputs ;        ;
;     -- 4 input functions                    ; 100    ;
;     -- 3 input functions                    ; 57     ;
;     -- <=2 input functions                  ; 52     ;
;                                             ;        ;
; Logic elements by mode                      ;        ;
;     -- normal mode                          ; 182    ;
;     -- arithmetic mode                      ; 27     ;
;                                             ;        ;
; Total registers                             ; 109    ;
;     -- Dedicated logic registers            ; 109    ;
;     -- I/O registers                        ; 0      ;
;                                             ;        ;
; I/O pins                                    ; 35     ;
; Maximum fan-out node                        ; lcdclk ;
; Maximum fan-out                             ; 62     ;
; Total fan-out                               ; 1044   ;
; Average fan-out                             ; 2.96   ;
+---------------------------------------------+--------+


+-----------------------------------------------------------------------------------------------------------------------------------------------------------------------------+
; Analysis & Synthesis Resource Utilization by Entity                                                                                                                         ;
+----------------------------+-------------------+--------------+-------------+--------------+---------+-----------+------+--------------+---------------------+--------------+
; Compilation Hierarchy Node ; LC Combinationals ; LC Registers ; Memory Bits ; DSP Elements ; DSP 9x9 ; DSP 18x18 ; Pins ; Virtual Pins ; Full Hierarchy Name ; Library Name ;
+----------------------------+-------------------+--------------+-------------+--------------+---------+-----------+------+--------------+---------------------+--------------+
; |timepass                  ; 209 (209)         ; 109 (109)    ; 0           ; 0            ; 0       ; 0         ; 35   ; 0            ; |timepass           ; work         ;
+----------------------------+-------------------+--------------+-------------+--------------+---------+-----------+------+--------------+---------------------+--------------+
Note: For table entries with two numbers listed, the numbers in parentheses indicate the number of resources of the given type used by the specific entity alone. The numbers listed outside of parentheses indicate the total resources of the given type used by the specific entity and all of its sub-entities in the hierarchy.


Encoding Type:  One-Hot
+----------------------------------------------------------------------------------------------------------------------------------------------------------------------------------------------------------------------------------------------+
; State Machine - |timepass|nxt_cmd                                                                                                                                                                                                            ;
+----------------------+----------------+-----------------+---------------+------------------+------------------+------------------+------------------+--------------------+----------------------+--------------+--------------+--------------+
; Name                 ; nxt_cmd.en_off ; nxt_cmd.go_back ; nxt_cmd.line2 ; nxt_cmd.disp_str ; nxt_cmd.mode_set ; nxt_cmd.disp_off ; nxt_cmd.disp_clr ; nxt_cmd.display_on ; nxt_cmd.function_set ; nxt_cmd.rst3 ; nxt_cmd.rst1 ; nxt_cmd.rst2 ;
+----------------------+----------------+-----------------+---------------+------------------+------------------+------------------+------------------+--------------------+----------------------+--------------+--------------+--------------+
; nxt_cmd.rst2         ; 0              ; 0               ; 0             ; 0                ; 0                ; 0                ; 0                ; 0                  ; 0                    ; 0            ; 0            ; 0            ;
; nxt_cmd.rst1         ; 0              ; 0               ; 0             ; 0                ; 0                ; 0                ; 0                ; 0                  ; 0                    ; 0            ; 1            ; 1            ;
; nxt_cmd.rst3         ; 0              ; 0               ; 0             ; 0                ; 0                ; 0                ; 0                ; 0                  ; 0                    ; 1            ; 0            ; 1            ;
; nxt_cmd.function_set ; 0              ; 0               ; 0             ; 0                ; 0                ; 0                ; 0                ; 0                  ; 1                    ; 0            ; 0            ; 1            ;
; nxt_cmd.display_on   ; 0              ; 0               ; 0             ; 0                ; 0                ; 0                ; 0                ; 1                  ; 0                    ; 0            ; 0            ; 1            ;
; nxt_cmd.disp_clr     ; 0              ; 0               ; 0             ; 0                ; 0                ; 0                ; 1                ; 0                  ; 0                    ; 0            ; 0            ; 1            ;
; nxt_cmd.disp_off     ; 0              ; 0               ; 0             ; 0                ; 0                ; 1                ; 0                ; 0                  ; 0                    ; 0            ; 0            ; 1            ;
; nxt_cmd.mode_set     ; 0              ; 0               ; 0             ; 0                ; 1                ; 0                ; 0                ; 0                  ; 0                    ; 0            ; 0            ; 1            ;
; nxt_cmd.disp_str     ; 0              ; 0               ; 0             ; 1                ; 0                ; 0                ; 0                ; 0                  ; 0                    ; 0            ; 0            ; 1            ;
; nxt_cmd.line2        ; 0              ; 0               ; 1             ; 0                ; 0                ; 0                ; 0                ; 0                  ; 0                    ; 0            ; 0            ; 1            ;
; nxt_cmd.go_back      ; 0              ; 1               ; 0             ; 0                ; 0                ; 0                ; 0                ; 0                  ; 0                    ; 0            ; 0            ; 1            ;
; nxt_cmd.en_off       ; 1              ; 0               ; 0             ; 0                ; 0                ; 0                ; 0                ; 0                  ; 0                    ; 0            ; 0            ; 1            ;
+----------------------+----------------+-----------------+---------------+------------------+------------------+------------------+------------------+--------------------+----------------------+--------------+--------------+--------------+


Encoding Type:  One-Hot
+--------------------------------------------------------------------------------------------------------------------------------------------------------------------------------------------------------------------+
; State Machine - |timepass|state                                                                                                                                                                                    ;
+--------------------+--------------+---------------+-------------+----------------+----------------+----------------+----------------+------------------+--------------------+------------+------------+------------+
; Name               ; state.en_off ; state.go_back ; state.line2 ; state.disp_str ; state.mode_set ; state.disp_off ; state.disp_clr ; state.display_on ; state.function_set ; state.rst3 ; state.rst2 ; state.rst1 ;
+--------------------+--------------+---------------+-------------+----------------+----------------+----------------+----------------+------------------+--------------------+------------+------------+------------+
; state.rst1         ; 0            ; 0             ; 0           ; 0              ; 0              ; 0              ; 0              ; 0                ; 0                  ; 0          ; 0          ; 0          ;
; state.rst2         ; 0            ; 0             ; 0           ; 0              ; 0              ; 0              ; 0              ; 0                ; 0                  ; 0          ; 1          ; 1          ;
; state.rst3         ; 0            ; 0             ; 0           ; 0              ; 0              ; 0              ; 0              ; 0                ; 0                  ; 1          ; 0          ; 1          ;
; state.function_set ; 0            ; 0             ; 0           ; 0              ; 0              ; 0              ; 0              ; 0                ; 1                  ; 0          ; 0          ; 1          ;
; state.display_on   ; 0            ; 0             ; 0           ; 0              ; 0              ; 0              ; 0              ; 1                ; 0                  ; 0          ; 0          ; 1          ;
; state.disp_clr     ; 0            ; 0             ; 0           ; 0              ; 0              ; 0              ; 1              ; 0                ; 0                  ; 0          ; 0          ; 1          ;
; state.disp_off     ; 0            ; 0             ; 0           ; 0              ; 0              ; 1              ; 0              ; 0                ; 0                  ; 0          ; 0          ; 1          ;
; state.mode_set     ; 0            ; 0             ; 0           ; 0              ; 1              ; 0              ; 0              ; 0                ; 0                  ; 0          ; 0          ; 1          ;
; state.disp_str     ; 0            ; 0             ; 0           ; 1              ; 0              ; 0              ; 0              ; 0                ; 0                  ; 0          ; 0          ; 1          ;
; state.line2        ; 0            ; 0             ; 1           ; 0              ; 0              ; 0              ; 0              ; 0                ; 0                  ; 0          ; 0          ; 1          ;
; state.go_back      ; 0            ; 1             ; 0           ; 0              ; 0              ; 0              ; 0              ; 0                ; 0                  ; 0          ; 0          ; 1          ;
; state.en_off       ; 1            ; 0             ; 0           ; 0              ; 0              ; 0              ; 0              ; 0                ; 0                  ; 0          ; 0          ; 1          ;
+--------------------+--------------+---------------+-------------+----------------+----------------+----------------+----------------+------------------+--------------------+------------+------------+------------+


+--------------------------------------------------------------------------------+
; Registers Removed During Synthesis                                             ;
+---------------------------------------+----------------------------------------+
; Register name                         ; Reason for Removal                     ;
+---------------------------------------+----------------------------------------+
; next_char[7]                          ; Stuck at GND due to stuck port data_in ;
; lcdon~reg0                            ; Stuck at VCC due to stuck port data_in ;
; lcd_rw_int                            ; Stuck at GND due to stuck port data_in ;
; blon~reg0                             ; Stuck at VCC due to stuck port data_in ;
; nxt_cmd.en_off                        ; Stuck at GND due to stuck port data_in ;
; nxt_cmd.rst1                          ; Stuck at GND due to stuck port data_in ;
; Total Number of Removed Registers = 6 ;                                        ;
+---------------------------------------+----------------------------------------+


+------------------------------------------------------+
; General Register Statistics                          ;
+----------------------------------------------+-------+
; Statistic                                    ; Value ;
+----------------------------------------------+-------+
; Total registers                              ; 109   ;
; Number of registers using Synchronous Clear  ; 24    ;
; Number of registers using Synchronous Load   ; 13    ;
; Number of registers using Asynchronous Clear ; 32    ;
; Number of registers using Asynchronous Load  ; 0     ;
; Number of registers using Clock Enable       ; 51    ;
; Number of registers using Preset             ; 0     ;
+----------------------------------------------+-------+


+--------------------------------------------------+
; Inverted Register Statistics                     ;
+----------------------------------------+---------+
; Inverted Register                      ; Fan out ;
+----------------------------------------+---------+
; enable~reg0                            ; 1       ;
; in_dt_bus[3]                           ; 2       ;
; in_dt_bus[4]                           ; 1       ;
; in_dt_bus[5]                           ; 1       ;
; Total number of inverted registers = 4 ;         ;
+----------------------------------------+---------+


+-----------------------------------------------------------------------------------------------------------------------------------------------+
; Multiplexer Restructuring Statistics (Restructuring Performed)                                                                                ;
+--------------------+-----------+---------------+----------------------+------------------------+------------+---------------------------------+
; Multiplexer Inputs ; Bus Width ; Baseline Area ; Area if Restructured ; Saving if Restructured ; Registered ; Example Multiplexer Output      ;
+--------------------+-----------+---------------+----------------------+------------------------+------------+---------------------------------+
; 4:1                ; 7 bits    ; 14 LEs        ; 14 LEs               ; 0 LEs                  ; Yes        ; |timepass|e[6]                  ;
; 4:1                ; 3 bits    ; 6 LEs         ; 6 LEs                ; 0 LEs                  ; Yes        ; |timepass|LEDG[1]~reg0          ;
; 3:1                ; 24 bits   ; 48 LEs        ; 24 LEs               ; 24 LEs                 ; Yes        ; |timepass|clock_count_400hz[10] ;
; 9:1                ; 7 bits    ; 42 LEs        ; 28 LEs               ; 14 LEs                 ; Yes        ; |timepass|d[0]                  ;
; 8:1                ; 3 bits    ; 15 LEs        ; 3 LEs                ; 12 LEs                 ; Yes        ; |timepass|b[2]                  ;
; 8:1                ; 3 bits    ; 15 LEs        ; 3 LEs                ; 12 LEs                 ; Yes        ; |timepass|c[2]                  ;
; 8:1                ; 3 bits    ; 15 LEs        ; 3 LEs                ; 12 LEs                 ; Yes        ; |timepass|h[0]                  ;
; 5:1                ; 2 bits    ; 6 LEs         ; 6 LEs                ; 0 LEs                  ; Yes        ; |timepass|in_dt_bus[4]          ;
; 3:1                ; 11 bits   ; 22 LEs        ; 22 LEs               ; 0 LEs                  ; No         ; |timepass|state                 ;
+--------------------+-----------+---------------+----------------------+------------------------+------------+---------------------------------+


+-------------------------------+
; Analysis & Synthesis Messages ;
+-------------------------------+
Info: *******************************************************************
Info: Running Quartus II Analysis & Synthesis
    Info: Version 9.1 Build 350 03/24/2010 Service Pack 2 SJ Web Edition
    Info: Processing started: Fri May 04 15:06:17 2018
Info: Command: quartus_map --read_settings_files=on --write_settings_files=off timepass -c timepass
Info: Found 2 design units, including 1 entities, in source file /ece641/timepass/timepass.vhd
    Info: Found design unit 1: timepass-pass
    Info: Found entity 1: timepass
Info: Elaborating entity "timepass" for the top level hierarchy
Warning (10036): Verilog HDL or VHDL warning at timepass.vhd(41): object "lcd_str_05" assigned a value but never read
Warning (10036): Verilog HDL or VHDL warning at timepass.vhd(42): object "lcd_str_06" assigned a value but never read
Warning (10036): Verilog HDL or VHDL warning at timepass.vhd(43): object "lcd_str_07" assigned a value but never read
Warning: The following nodes have both tri-state and non-tri-state drivers
    Warning: Inserted always-enabled tri-state buffer between "LEDs[0]" and its non-tri-state driver.
    Warning: Inserted always-enabled tri-state buffer between "LEDs[1]" and its non-tri-state driver.
    Warning: Inserted always-enabled tri-state buffer between "LEDs[2]" and its non-tri-state driver.
Info: One or more bidirs are fed by always enabled tri-state buffers
    Info: Fan-out of permanently enabled tri-state buffer feeding bidir "LEDs[0]" is moved to its source
    Info: Fan-out of permanently enabled tri-state buffer feeding bidir "LEDs[1]" is moved to its source
    Info: Fan-out of permanently enabled tri-state buffer feeding bidir "LEDs[2]" is moved to its source
Info: Registers with preset signals will power-up high
Info: DEV_CLRn pin will set, and not reset, register with preset signal due to NOT Gate Push-Back
Warning: TRI or OPNDRN buffers permanently enabled
    Warning: Node "LEDs[0]~synth"
    Warning: Node "LEDs[1]~synth"
    Warning: Node "LEDs[2]~synth"
    Warning: Node "data_bus_reg[0]"
    Warning: Node "data_bus_reg[1]"
    Warning: Node "data_bus_reg[2]"
    Warning: Node "data_bus_reg[3]"
    Warning: Node "data_bus_reg[4]"
    Warning: Node "data_bus_reg[5]"
    Warning: Node "data_bus_reg[6]"
    Warning: Node "data_bus_reg[7]"
Warning: Output pins are stuck at VCC or GND
    Warning (13410): Pin "lcdon" is stuck at VCC
    Warning (13410): Pin "rdw" is stuck at GND
    Warning (13410): Pin "blon" is stuck at VCC
Info: Implemented 248 device resources after synthesis - the final resource count might be different
    Info: Implemented 9 input pins
    Info: Implemented 15 output pins
    Info: Implemented 11 bidirectional pins
    Info: Implemented 213 logic cells
Info: Quartus II Analysis & Synthesis was successful. 0 errors, 23 warnings
    Info: Peak virtual memory: 302 megabytes
    Info: Processing ended: Fri May 04 15:06:19 2018
    Info: Elapsed time: 00:00:02
    Info: Total CPU time (on all processors): 00:00:02


